<?xml version="1.0" encoding="UTF-8"?>
<coverage generated="1660622872278" clover="3.2.0">
  <project timestamp="1660622872278" name="All files">
    <metrics statements="30" coveredstatements="30" conditionals="17" coveredconditionals="17" methods="5" coveredmethods="5" elements="52" coveredelements="52" complexity="0" loc="30" ncloc="30" packages="1" files="2" classes="2"/>
    <file name="child.js" path="/Users/KaihuanHuang/Desktop/UCB repo/10-OOP/01-Activities/18-Stu_First-Mock/Unsolved/child.js">
      <metrics statements="7" coveredstatements="7" conditionals="9" coveredconditionals="9" methods="1" coveredmethods="1"/>
      <line num="2" count="18" type="cond" truecount="4" falsecount="0"/>
      <line num="3" count="2" type="stmt"/>
      <line num="6" count="16" type="cond" truecount="5" falsecount="0"/>
      <line num="7" count="3" type="stmt"/>
      <line num="10" count="13" type="stmt"/>
      <line num="11" count="13" type="stmt"/>
      <line num="14" count="2" type="stmt"/>
    </file>
    <file name="dayCare.js" path="/Users/KaihuanHuang/Desktop/UCB repo/10-OOP/01-Activities/18-Stu_First-Mock/Unsolved/dayCare.js">
      <metrics statements="23" coveredstatements="23" conditionals="8" coveredconditionals="8" methods="4" coveredmethods="4"/>
      <line num="1" count="1" type="stmt"/>
      <line num="4" count="7" type="stmt"/>
      <line num="5" count="7" type="stmt"/>
      <line num="6" count="7" type="stmt"/>
      <line num="9" count="1" type="stmt"/>
      <line num="10" count="4" type="cond" truecount="2" falsecount="0"/>
      <line num="11" count="1" type="stmt"/>
      <line num="14" count="3" type="cond" truecount="2" falsecount="0"/>
      <line num="15" count="1" type="stmt"/>
      <line num="16" count="1" type="stmt"/>
      <line num="19" count="2" type="cond" truecount="2" falsecount="0"/>
      <line num="20" count="1" type="stmt"/>
      <line num="21" count="1" type="stmt"/>
      <line num="24" count="1" type="stmt"/>
      <line num="27" count="1" type="stmt"/>
      <line num="28" count="2" type="stmt"/>
      <line num="29" count="5" type="stmt"/>
      <line num="32" count="2" type="cond" truecount="2" falsecount="0"/>
      <line num="33" count="1" type="stmt"/>
      <line num="34" count="1" type="stmt"/>
      <line num="37" count="1" type="stmt"/>
      <line num="38" count="1" type="stmt"/>
      <line num="41" count="1" type="stmt"/>
    </file>
  </project>
</coverage>
