{"/Users/KaihuanHuang/Desktop/UCB repo/10-OOP/01-Activities/18-Stu_First-Mock/Unsolved/child.js": {"path":"/Users/KaihuanHuang/Desktop/UCB repo/10-OOP/01-Activities/18-Stu_First-Mock/Unsolved/child.js","statementMap":{"0":{"start":{"line":2,"column":2},"end":{"line":4,"column":3}},"1":{"start":{"line":3,"column":4},"end":{"line":3,"column":74}},"2":{"start":{"line":6,"column":2},"end":{"line":8,"column":3}},"3":{"start":{"line":7,"column":4},"end":{"line":7,"column":76}},"4":{"start":{"line":10,"column":2},"end":{"line":10,"column":19}},"5":{"start":{"line":11,"column":2},"end":{"line":11,"column":17}},"6":{"start":{"line":14,"column":0},"end":{"line":14,"column":23}}},"fnMap":{"0":{"name":"Child","decl":{"start":{"line":1,"column":9},"end":{"line":1,"column":14}},"loc":{"start":{"line":1,"column":26},"end":{"line":12,"column":1}},"line":1}},"branchMap":{"0":{"loc":{"start":{"line":2,"column":2},"end":{"line":4,"column":3}},"type":"if","locations":[{"start":{"line":2,"column":2},"end":{"line":4,"column":3}},{"start":{"line":2,"column":2},"end":{"line":4,"column":3}}],"line":2},"1":{"loc":{"start":{"line":2,"column":6},"end":{"line":2,"column":53}},"type":"binary-expr","locations":[{"start":{"line":2,"column":6},"end":{"line":2,"column":30}},{"start":{"line":2,"column":34},"end":{"line":2,"column":53}}],"line":2},"2":{"loc":{"start":{"line":6,"column":2},"end":{"line":8,"column":3}},"type":"if","locations":[{"start":{"line":6,"column":2},"end":{"line":8,"column":3}},{"start":{"line":6,"column":2},"end":{"line":8,"column":3}}],"line":6},"3":{"loc":{"start":{"line":6,"column":6},"end":{"line":6,"column":54}},"type":"binary-expr","locations":[{"start":{"line":6,"column":6},"end":{"line":6,"column":29}},{"start":{"line":6,"column":33},"end":{"line":6,"column":43}},{"start":{"line":6,"column":47},"end":{"line":6,"column":54}}],"line":6}},"s":{"0":18,"1":2,"2":16,"3":3,"4":13,"5":13,"6":2},"f":{"0":18},"b":{"0":[2,16],"1":[18,16],"2":[3,13],"3":[16,14,14]},"_coverageSchema":"43e27e138ebf9cfc5966b082cf9a028302ed4184","hash":"4959c933e643c68d0a1eb9a0784ba6f6d14a696d"}
,"/Users/KaihuanHuang/Desktop/UCB repo/10-OOP/01-Activities/18-Stu_First-Mock/Unsolved/dayCare.js": {"path":"/Users/KaihuanHuang/Desktop/UCB repo/10-OOP/01-Activities/18-Stu_First-Mock/Unsolved/dayCare.js","statementMap":{"0":{"start":{"line":1,"column":14},"end":{"line":1,"column":32}},"1":{"start":{"line":4,"column":2},"end":{"line":4,"column":21}},"2":{"start":{"line":5,"column":2},"end":{"line":5,"column":20}},"3":{"start":{"line":6,"column":2},"end":{"line":6,"column":20}},"4":{"start":{"line":9,"column":0},"end":{"line":25,"column":2}},"5":{"start":{"line":10,"column":2},"end":{"line":12,"column":3}},"6":{"start":{"line":11,"column":4},"end":{"line":11,"column":77}},"7":{"start":{"line":14,"column":2},"end":{"line":17,"column":3}},"8":{"start":{"line":15,"column":4},"end":{"line":15,"column":60}},"9":{"start":{"line":16,"column":4},"end":{"line":16,"column":11}},"10":{"start":{"line":19,"column":2},"end":{"line":22,"column":3}},"11":{"start":{"line":20,"column":4},"end":{"line":20,"column":68}},"12":{"start":{"line":21,"column":4},"end":{"line":21,"column":11}},"13":{"start":{"line":24,"column":2},"end":{"line":24,"column":28}},"14":{"start":{"line":27,"column":0},"end":{"line":39,"column":2}},"15":{"start":{"line":28,"column":16},"end":{"line":30,"column":4}},"16":{"start":{"line":29,"column":4},"end":{"line":29,"column":31}},"17":{"start":{"line":32,"column":2},"end":{"line":35,"column":3}},"18":{"start":{"line":33,"column":4},"end":{"line":33,"column":35}},"19":{"start":{"line":34,"column":4},"end":{"line":34,"column":11}},"20":{"start":{"line":37,"column":2},"end":{"line":37,"column":49}},"21":{"start":{"line":38,"column":2},"end":{"line":38,"column":43}},"22":{"start":{"line":41,"column":0},"end":{"line":41,"column":25}}},"fnMap":{"0":{"name":"DayCare","decl":{"start":{"line":3,"column":9},"end":{"line":3,"column":16}},"loc":{"start":{"line":3,"column":19},"end":{"line":7,"column":1}},"line":3},"1":{"name":"(anonymous_1)","decl":{"start":{"line":9,"column":29},"end":{"line":9,"column":30}},"loc":{"start":{"line":9,"column":45},"end":{"line":25,"column":1}},"line":9},"2":{"name":"(anonymous_2)","decl":{"start":{"line":27,"column":32},"end":{"line":27,"column":33}},"loc":{"start":{"line":27,"column":47},"end":{"line":39,"column":1}},"line":27},"3":{"name":"(anonymous_3)","decl":{"start":{"line":28,"column":40},"end":{"line":28,"column":41}},"loc":{"start":{"line":28,"column":51},"end":{"line":30,"column":3}},"line":28}},"branchMap":{"0":{"loc":{"start":{"line":10,"column":2},"end":{"line":12,"column":3}},"type":"if","locations":[{"start":{"line":10,"column":2},"end":{"line":12,"column":3}},{"start":{"line":10,"column":2},"end":{"line":12,"column":3}}],"line":10},"1":{"loc":{"start":{"line":14,"column":2},"end":{"line":17,"column":3}},"type":"if","locations":[{"start":{"line":14,"column":2},"end":{"line":17,"column":3}},{"start":{"line":14,"column":2},"end":{"line":17,"column":3}}],"line":14},"2":{"loc":{"start":{"line":19,"column":2},"end":{"line":22,"column":3}},"type":"if","locations":[{"start":{"line":19,"column":2},"end":{"line":22,"column":3}},{"start":{"line":19,"column":2},"end":{"line":22,"column":3}}],"line":19},"3":{"loc":{"start":{"line":32,"column":2},"end":{"line":35,"column":3}},"type":"if","locations":[{"start":{"line":32,"column":2},"end":{"line":35,"column":3}},{"start":{"line":32,"column":2},"end":{"line":35,"column":3}}],"line":32}},"s":{"0":1,"1":7,"2":7,"3":7,"4":1,"5":4,"6":1,"7":3,"8":1,"9":1,"10":2,"11":1,"12":1,"13":1,"14":1,"15":2,"16":5,"17":2,"18":1,"19":1,"20":1,"21":1,"22":1},"f":{"0":7,"1":4,"2":2,"3":5},"b":{"0":[1,3],"1":[1,2],"2":[1,1],"3":[1,1]},"_coverageSchema":"43e27e138ebf9cfc5966b082cf9a028302ed4184","hash":"fd5e26017c5a424ff1a61c97d08b6308ada9634e"}
}
