TN:
SF:/Users/KaihuanHuang/Desktop/UCB repo/10-OOP/01-Activities/18-Stu_First-Mock/Unsolved/child.js
FN:1,Child
FNF:1
FNH:1
FNDA:18,Child
DA:2,18
DA:3,2
DA:6,16
DA:7,3
DA:10,13
DA:11,13
DA:14,2
LF:7
LH:7
BRDA:2,0,0,2
BRDA:2,0,1,16
BRDA:2,1,0,18
BRDA:2,1,1,16
BRDA:6,2,0,3
BRDA:6,2,1,13
BRDA:6,3,0,16
BRDA:6,3,1,14
BRDA:6,3,2,14
BRF:9
BRH:9
end_of_record
TN:
SF:/Users/KaihuanHuang/Desktop/UCB repo/10-OOP/01-Activities/18-Stu_First-Mock/Unsolved/dayCare.js
FN:3,DayCare
FN:9,(anonymous_1)
FN:27,(anonymous_2)
FN:28,(anonymous_3)
FNF:4
FNH:4
FNDA:7,DayCare
FNDA:4,(anonymous_1)
FNDA:2,(anonymous_2)
FNDA:5,(anonymous_3)
DA:1,1
DA:4,7
DA:5,7
DA:6,7
DA:9,1
DA:10,4
DA:11,1
DA:14,3
DA:15,1
DA:16,1
DA:19,2
DA:20,1
DA:21,1
DA:24,1
DA:27,1
DA:28,2
DA:29,5
DA:32,2
DA:33,1
DA:34,1
DA:37,1
DA:38,1
DA:41,1
LF:23
LH:23
BRDA:10,0,0,1
BRDA:10,0,1,3
BRDA:14,1,0,1
BRDA:14,1,1,2
BRDA:19,2,0,1
BRDA:19,2,1,1
BRDA:32,3,0,1
BRDA:32,3,1,1
BRF:8
BRH:8
end_of_record
