<?xml version="1.0" encoding="UTF-8"?>
<coverage generated="1660619353421" clover="3.2.0">
  <project timestamp="1660619353421" name="All files">
    <metrics statements="10" coveredstatements="10" conditionals="3" coveredconditionals="1" methods="4" coveredmethods="4" elements="17" coveredelements="15" complexity="0" loc="10" ncloc="10" packages="1" files="1" classes="1"/>
    <file name="arithmetic.js" path="/Users/KaihuanHuang/Desktop/UCB repo/10-OOP/01-Activities/11-Ins_TDD/arithmetic.js">
      <metrics statements="10" coveredstatements="10" conditionals="3" coveredconditionals="1" methods="4" coveredmethods="4"/>
      <line num="2" count="12" type="stmt"/>
      <line num="5" count="1" type="cond" truecount="0" falsecount="1"/>
      <line num="6" count="2" type="stmt"/>
      <line num="8" count="2" type="stmt"/>
      <line num="11" count="1" type="cond" truecount="0" falsecount="1"/>
      <line num="12" count="2" type="stmt"/>
      <line num="14" count="2" type="stmt"/>
      <line num="17" count="1" type="stmt"/>
      <line num="18" count="1" type="stmt"/>
      <line num="21" count="1" type="stmt"/>
    </file>
  </project>
</coverage>
