<?xml version="1.0" encoding="UTF-8"?>
<coverage generated="1660619971304" clover="3.2.0">
  <project timestamp="1660619971304" name="All files">
    <metrics statements="14" coveredstatements="14" conditionals="8" coveredconditionals="8" methods="2" coveredmethods="2" elements="24" coveredelements="24" complexity="0" loc="14" ncloc="14" packages="1" files="1" classes="1"/>
    <file name="fizz.js" path="/Users/KaihuanHuang/Desktop/UCB repo/10-OOP/01-Activities/13-Ins_Pass-Tests/fizz.js">
      <metrics statements="14" coveredstatements="14" conditionals="8" coveredconditionals="8" methods="2" coveredmethods="2"/>
      <line num="1" count="1" type="stmt"/>
      <line num="3" count="9" type="stmt"/>
      <line num="4" count="23" type="stmt"/>
      <line num="5" count="23" type="stmt"/>
      <line num="7" count="23" type="cond" truecount="4" falsecount="0"/>
      <line num="8" count="5" type="stmt"/>
      <line num="11" count="18" type="cond" truecount="2" falsecount="0"/>
      <line num="12" count="6" type="stmt"/>
      <line num="15" count="12" type="cond" truecount="2" falsecount="0"/>
      <line num="16" count="5" type="stmt"/>
      <line num="19" count="7" type="stmt"/>
      <line num="23" count="1" type="stmt"/>
      <line num="25" count="1" type="stmt"/>
      <line num="26" count="1" type="stmt"/>
    </file>
  </project>
</coverage>
