{"/Users/KaihuanHuang/Desktop/UCB repo/10-OOP/01-Activities/13-Ins_Pass-Tests/fizz.js": {"path":"/Users/KaihuanHuang/Desktop/UCB repo/10-OOP/01-Activities/13-Ins_Pass-Tests/fizz.js","statementMap":{"0":{"start":{"line":1,"column":17},"end":{"line":21,"column":15}},"1":{"start":{"line":3,"column":2},"end":{"line":21,"column":15}},"2":{"start":{"line":4,"column":24},"end":{"line":4,"column":43}},"3":{"start":{"line":5,"column":24},"end":{"line":5,"column":43}},"4":{"start":{"line":7,"column":4},"end":{"line":9,"column":5}},"5":{"start":{"line":8,"column":6},"end":{"line":8,"column":24}},"6":{"start":{"line":11,"column":4},"end":{"line":13,"column":5}},"7":{"start":{"line":12,"column":6},"end":{"line":12,"column":20}},"8":{"start":{"line":15,"column":4},"end":{"line":17,"column":5}},"9":{"start":{"line":16,"column":6},"end":{"line":16,"column":20}},"10":{"start":{"line":19,"column":4},"end":{"line":19,"column":21}},"11":{"start":{"line":23,"column":0},"end":{"line":23,"column":26}},"12":{"start":{"line":25,"column":12},"end":{"line":25,"column":37}},"13":{"start":{"line":26,"column":0},"end":{"line":26,"column":34}}},"fnMap":{"0":{"name":"(anonymous_0)","decl":{"start":{"line":1,"column":17},"end":{"line":1,"column":18}},"loc":{"start":{"line":3,"column":2},"end":{"line":21,"column":15}},"line":3},"1":{"name":"(anonymous_1)","decl":{"start":{"line":3,"column":10},"end":{"line":3,"column":11}},"loc":{"start":{"line":3,"column":25},"end":{"line":20,"column":3}},"line":3}},"branchMap":{"0":{"loc":{"start":{"line":7,"column":4},"end":{"line":9,"column":5}},"type":"if","locations":[{"start":{"line":7,"column":4},"end":{"line":9,"column":5}},{"start":{},"end":{}}],"line":7},"1":{"loc":{"start":{"line":7,"column":8},"end":{"line":7,"column":34}},"type":"binary-expr","locations":[{"start":{"line":7,"column":8},"end":{"line":7,"column":19}},{"start":{"line":7,"column":23},"end":{"line":7,"column":34}}],"line":7},"2":{"loc":{"start":{"line":11,"column":4},"end":{"line":13,"column":5}},"type":"if","locations":[{"start":{"line":11,"column":4},"end":{"line":13,"column":5}},{"start":{},"end":{}}],"line":11},"3":{"loc":{"start":{"line":15,"column":4},"end":{"line":17,"column":5}},"type":"if","locations":[{"start":{"line":15,"column":4},"end":{"line":17,"column":5}},{"start":{},"end":{}}],"line":15}},"s":{"0":1,"1":9,"2":23,"3":23,"4":23,"5":5,"6":18,"7":6,"8":12,"9":5,"10":7,"11":1,"12":1,"13":1},"f":{"0":9,"1":23},"b":{"0":[5,18],"1":[23,11],"2":[6,12],"3":[5,7]},"_coverageSchema":"1a1c01bbd47fc00a2c39e90264f33305004495a9","hash":"63f5db4b6918a2e59ccf3bf97e43ee145699c61f"}
}
